\BOOKMARK [0][-]{chapter*.1}{\376\377\000A\000c\000k\000n\000o\000w\000l\000e\000d\000g\000m\000e\000n\000t\000s}{}% 1
\BOOKMARK [0][-]{chapter*.2}{\376\377\000A\000b\000s\000t\000r\000a\000c\000t}{}% 2
\BOOKMARK [0][-]{tocmark.0}{\376\377\000C\000o\000n\000t\000e\000n\000t\000s}{}% 3
\BOOKMARK [0][-]{chapter.1}{\376\377\000I\000n\000t\000r\000o\000d\000u\000c\000t\000i\000o\000n}{}% 4
\BOOKMARK [1][-]{section.1.1}{\376\377\000H\000i\000g\000h\000\040\000V\000e\000l\000o\000c\000i\000t\000y\000\040\000C\000l\000o\000u\000d\000s}{chapter.1}% 5
\BOOKMARK [2][-]{subsection.1.1.1}{\376\377\000C\000h\000e\000m\000i\000c\000a\000l\000\040\000P\000r\000o\000p\000e\000r\000i\000t\000e\000s\000\040\000a\000n\000d\000\040\000E\000m\000i\000s\000s\000i\000o\000n}{section.1.1}% 6
\BOOKMARK [1][-]{section.1.2}{\376\377\000M\000a\000g\000n\000e\000t\000i\000c\000\040\000F\000i\000e\000l\000d\000s}{chapter.1}% 7
\BOOKMARK [2][-]{subsection.1.2.1}{\376\377\000D\000r\000a\000p\000i\000n\000g}{section.1.2}% 8
\BOOKMARK [2][-]{subsection.1.2.2}{\376\377\000F\000a\000r\000a\000d\000a\000y\000\040\000R\000o\000t\000a\000t\000i\000o\000n}{section.1.2}% 9
\BOOKMARK [3][-]{subsubsection.1.2.2.1}{\376\377\000N\000o\000i\000s\000e\000\040\000I\000n\000t\000e\000r\000f\000e\000r\000e\000n\000c\000e}{subsection.1.2.2}% 10
\BOOKMARK [1][-]{section.1.3}{\376\377\000S\000m\000i\000t\000h\000\040\000C\000l\000o\000u\000d}{chapter.1}% 11
\BOOKMARK [1][-]{section.1.4}{\376\377\000R\000e\000p\000o\000r\000t\000\040\000O\000u\000t\000l\000i\000n\000e\000\040\000a\000n\000d\000\040\000O\000b\000j\000e\000c\000t\000i\000v\000e\000s}{chapter.1}% 12
\BOOKMARK [0][-]{chapter.2}{\376\377\000D\000a\000t\000a\000\040\000C\000o\000l\000l\000e\000c\000t\000i\000o\000n}{}% 13
\BOOKMARK [0][-]{chapter.3}{\376\377\000F\000o\000r\000e\000g\000r\000o\000u\000n\000d\000\040\000S\000u\000b\000t\000r\000a\000c\000t\000i\000o\000n}{}% 14
\BOOKMARK [0][-]{chapter.4}{\376\377\000M\000a\000g\000n\000e\000t\000i\000c\000\040\000F\000i\000e\000l\000d\000\040\000D\000e\000r\000i\000v\000a\000t\000i\000o\000n}{}% 15
\BOOKMARK [0][-]{chapter.5}{\376\377\000R\000e\000s\000u\000l\000t\000s}{}% 16
\BOOKMARK [0][-]{chapter.6}{\376\377\000D\000i\000s\000c\000u\000s\000s\000i\000o\000n}{}% 17
\BOOKMARK [0][-]{chapter.7}{\376\377\000C\000o\000n\000c\000l\000u\000s\000i\000o\000n\000s}{}% 18
\BOOKMARK [0][-]{chapter.8}{\376\377\000A\000p\000p\000e\000n\000d\000i\000x}{}% 19
\BOOKMARK [1][-]{section.8.1}{\376\377\000A\000\040\000-\000\040\000D\000e\000v\000e\000l\000o\000p\000e\000d\000\040\000c\000o\000d\000e\000\040\000a\000n\000d\000\040\000d\000a\000t\000a}{chapter.8}% 20
